<?xml version="1.0" encoding="UTF-8"?>
<testsuite name="com.jiker.keju.TaxiTest" tests="1" skipped="0" failures="0" errors="0" timestamp="2020-05-03T15:09:33" hostname="black2wdeMacBook-Pro.local" time="0.017">
  <properties/>
  <testcase name="get_total_receipts" classname="com.jiker.keju.TaxiTest" time="0.017"/>
  <system-out><![CDATA[]]></system-out>
  <system-err><![CDATA[]]></system-err>
</testsuite>
